<?xml version="1.0" encoding="UTF-8"?>
<!-- Generated by org.testng.reporters.JUnitReportReporter -->
<testsuite hostname="LAPTOP-PBRMB58U" failures="0" tests="1" name="com.mypackage.test.NewTestServer" time="3.194" errors="0" timestamp="05 Oct 2022 12:49:25 GMT" skipped="0">
  <testcase classname="com.mypackage.test.NewTestServer" name="f" time="3.194"/>
</testsuite> <!-- com.mypackage.test.NewTestServer -->
