<?xml version="1.0" encoding="UTF-8"?>
<!-- Generated by org.testng.reporters.JUnitReportReporter -->
<testsuite hostname="DESKTOP-BI1C34B" failures="0" tests="1" name="com.inetBankingV1.testCases.TC_AddCustomerTest_003" time="17.085" errors="0" timestamp="22 Jul 2022 19:00:59 GMT" skipped="0">
  <testcase classname="com.inetBankingV1.testCases.TC_AddCustomerTest_003" name="addCustomer" time="17.085"/>
</testsuite> <!-- com.inetBankingV1.testCases.TC_AddCustomerTest_003 -->
