<?xml version="1.0" encoding="UTF-8"?>
<!-- Generated by org.testng.reporters.JUnitReportReporter -->
<testsuite hostname="LAPTOP-PBRMB58U" failures="0" tests="1" name="com.mypackage.test.NewTestServer" time="2.977" errors="0" timestamp="04 Oct 2022 19:08:08 GMT" skipped="0">
  <testcase classname="com.mypackage.test.NewTestServer" name="f" time="2.977"/>
</testsuite> <!-- com.mypackage.test.NewTestServer -->
